env: load .env
env: export EXPO_PUBLIC_ENV EXPO_PUBLIC_SUPABASE_ANON_KEY EXPO_PUBLIC_SUPABASE_URL
Running 17 checks on your project...
Unexpected error while running 'Check that packages match versions required by installed Expo SDK' check:
Error: node C:\Users\H\Steps-to-recovery\node_modules\expo\bin\cli install --check --json exited with non-zero code: 3221226505
15/17 checks passed. 2 checks failed. Possible issues detected:
Use the --verbose flag to see more details about passed checks.

Γ£û Check that no duplicate dependencies are installed
Your project contains duplicate native module dependencies, which should be de-duplicated.
Native builds may only contain one version of any given native module, and having multiple versions of a single Native module installed may lead to unexpected build errors.
Found duplicates for react-native-reanimated:
  Γö£ΓöÇ react-native-reanimated@4.2.2 (at: node_modules\react-native-reanimated)
  ΓööΓöÇ react-native-reanimated@4.1.6 (at: ..\..\node_modules\react-native-reanimated)
Found duplicates for react-native-worklets:
  Γö£ΓöÇ react-native-worklets@0.7.4 (at: node_modules\react-native-worklets)
  ΓööΓöÇ react-native-worklets@0.5.1 (at: ..\..\node_modules\react-native-worklets)
Advice:
Resolve your dependency issues and deduplicate your dependencies. Learn more: https://expo.fyi/resolving-dependency-issues

Γ£û Check that packages match versions required by installed Expo SDK
2 checks failed, indicating possible issues with the project.
